<?xml version="1.0" encoding="UTF-8"?>
<testsuite xmlns:xsi="http://www.w3.org/2001/XMLSchema-instance" xsi:noNamespaceSchemaLocation="https://maven.apache.org/surefire/maven-surefire-plugin/xsd/surefire-test-report.xsd" name="babs.TddTest" time="0.072" tests="8" errors="0" skipped="0" failures="0">
  <properties>
[...]
</properties>
  <testcase name="equalRandom" classname="babs.TddTest" time="0.036"/>
  <testcase name="equal15" classname="babs.TddTest" time="0"/>
  <testcase name="equal1" classname="babs.TddTest" time="0.002"/>
  <testcase name="equal2" classname="babs.TddTest" time="0.002"/>
  <testcase name="equal3" classname="babs.TddTest" time="0.002"/>
  <testcase name="equal4" classname="babs.TddTest" time="0.002"/>
  <testcase name="equal5" classname="babs.TddTest" time="0.001"/>
  <testcase name="showTest" classname="babs.TddTest" time="0.005"/>
</testsuite>